Using pre-set license
Built from '2020.3/staging' branch; Version is '2020.3.17f1 (a4537701e4ab) revision 10769271'; Using compiler version '192528614'; Build Type 'Release'
OS: 'Windows 10 Home; OS build 19043.1237; Version 2009; 64bit' Language: 'es' Physical Memory: 16272 MB
BatchMode: 1, IsHumanControllingUs: 0, StartBugReporterOnCrash: 0, Is64bit: 1, IsPro: 0

COMMAND LINE ARGUMENTS:
C:\Program Files\Unity\Hub\Editor\2020.3.17f1\Editor\Unity.exe
-adb2
-batchMode
-noUpm
-name
AssetImportWorker1
-projectPath
C:/Users/Usuario/Documents/UnityProjects/UnionSandbox
-logFile
Logs/AssetImportWorker1.log
-srvPort
55555
Successfully changed project path to: C:/Users/Usuario/Documents/UnityProjects/UnionSandbox
C:/Users/Usuario/Documents/UnityProjects/UnionSandbox
Using Asset Import Pipeline V2.
Refreshing native plugins compatible for Editor in 21.44 ms, found 2 plugins.
Preloading 0 native plugins for Editor in 0.00 ms.
Initialize engine version: 2020.3.17f1 (a4537701e4ab)
[Subsystems] Discovering subsystems at path C:/Program Files/Unity/Hub/Editor/2020.3.17f1/Editor/Data/Resources/UnitySubsystems
[Subsystems] Discovering subsystems at path C:/Users/Usuario/Documents/UnityProjects/UnionSandbox/Assets
GfxDevice: creating device client; threaded=0
Direct3D:
    Version:  Direct3D 11.0 [level 11.1]
    Renderer: NVIDIA GeForce RTX 3060 (ID=0x2503)
    Vendor:   
    VRAM:     12143 MB
    Driver:   27.21.14.6192
Initialize mono
Mono path[0] = 'C:/Program Files/Unity/Hub/Editor/2020.3.17f1/Editor/Data/Managed'
Mono path[1] = 'C:/Program Files/Unity/Hub/Editor/2020.3.17f1/Editor/Data/MonoBleedingEdge/lib/mono/unityjit'
Mono config path = 'C:/Program Files/Unity/Hub/Editor/2020.3.17f1/Editor/Data/MonoBleedingEdge/etc'
Using monoOptions --debugger-agent=transport=dt_socket,embedding=1,server=y,suspend=n,address=127.0.0.1:56600
Begin MonoManager ReloadAssembly
Registering precompiled unity dll's ...
Register platform support module: C:/Program Files/Unity/Hub/Editor/2020.3.17f1/Editor/Data/PlaybackEngines/WebGLSupport/UnityEditor.WebGL.Extensions.dll
Register platform support module: C:/Program Files/Unity/Hub/Editor/2020.3.17f1/Editor/Data/PlaybackEngines/MacStandaloneSupport/UnityEditor.OSXStandalone.Extensions.dll
Register platform support module: C:/Program Files/Unity/Hub/Editor/2020.3.17f1/Editor/Data/PlaybackEngines/WindowsStandaloneSupport/UnityEditor.WindowsStandalone.Extensions.dll
Register platform support module: C:/Program Files/Unity/Hub/Editor/2020.3.17f1/Editor/Data/PlaybackEngines/LinuxStandaloneSupport/UnityEditor.LinuxStandalone.Extensions.dll
Register platform support module: C:/Program Files/Unity/Hub/Editor/2020.3.17f1/Editor/Data/PlaybackEngines/LuminSupport/UnityEditor.Lumin.Extensions.dll
Registered in 0.002380 seconds.
Native extension for Lumin target not found
Native extension for LinuxStandalone target not found
Native extension for WindowsStandalone target not found
Native extension for OSXStandalone target not found
Native extension for WebGL target not found
Refreshing native plugins compatible for Editor in 21.09 ms, found 2 plugins.
Preloading 0 native plugins for Editor in 0.00 ms.
Mono: successfully reloaded assembly
- Completed reload, in  1.635 seconds
Domain Reload Profiling:
	ReloadAssembly (1635ms)
		BeginReloadAssembly (36ms)
			ExecutionOrderSort (0ms)
			DisableScriptedObjects (0ms)
			BackupInstance (0ms)
			ReleaseScriptingObjects (0ms)
			CreateAndSetChildDomain (1ms)
		EndReloadAssembly (271ms)
			LoadAssemblies (35ms)
			RebuildTransferFunctionScriptingTraits (0ms)
			SetupTypeCache (91ms)
			ReleaseScriptCaches (0ms)
			RebuildScriptCaches (19ms)
			SetupLoadedEditorAssemblies (112ms)
				LogAssemblyErrors (0ms)
				InitializePlatformSupportModulesInManaged (5ms)
				SetLoadedEditorAssemblies (0ms)
				RefreshPlugins (21ms)
				BeforeProcessingInitializeOnLoad (12ms)
				ProcessInitializeOnLoadAttributes (55ms)
				ProcessInitializeOnLoadMethodAttributes (18ms)
				AfterProcessingInitializeOnLoad (0ms)
				EditorAssembliesLoaded (0ms)
			ExecutionOrderSort2 (0ms)
			AwakeInstancesAfterBackupRestoration (0ms)
Platform modules already initialized, skipping
Registering precompiled user dll's ...
Registered in 0.002735 seconds.
Begin MonoManager ReloadAssembly
Native extension for Lumin target not found
Native extension for LinuxStandalone target not found
Native extension for WindowsStandalone target not found
Native extension for OSXStandalone target not found
Native extension for WebGL target not found
Refreshing native plugins compatible for Editor in 0.29 ms, found 2 plugins.
Preloading 0 native plugins for Editor in 0.00 ms.
Mono: successfully reloaded assembly
- Completed reload, in  0.730 seconds
Domain Reload Profiling:
	ReloadAssembly (730ms)
		BeginReloadAssembly (93ms)
			ExecutionOrderSort (0ms)
			DisableScriptedObjects (3ms)
			BackupInstance (0ms)
			ReleaseScriptingObjects (0ms)
			CreateAndSetChildDomain (14ms)
		EndReloadAssembly (596ms)
			LoadAssemblies (57ms)
			RebuildTransferFunctionScriptingTraits (0ms)
			SetupTypeCache (164ms)
			ReleaseScriptCaches (0ms)
			RebuildScriptCaches (28ms)
			SetupLoadedEditorAssemblies (288ms)
				LogAssemblyErrors (0ms)
				InitializePlatformSupportModulesInManaged (5ms)
				SetLoadedEditorAssemblies (0ms)
				RefreshPlugins (0ms)
				BeforeProcessingInitializeOnLoad (54ms)
				ProcessInitializeOnLoadAttributes (220ms)
				ProcessInitializeOnLoadMethodAttributes (3ms)
				AfterProcessingInitializeOnLoad (4ms)
				EditorAssembliesLoaded (0ms)
			ExecutionOrderSort2 (0ms)
			AwakeInstancesAfterBackupRestoration (5ms)
Platform modules already initialized, skipping
========================================================================
Worker process is ready to serve import requests
Launched and connected shader compiler UnityShaderCompiler.exe after 0.04 seconds
Refreshing native plugins compatible for Editor in 0.37 ms, found 2 plugins.
Preloading 0 native plugins for Editor in 0.00 ms.
Unloading 1559 Unused Serialized files (Serialized files now loaded: 0)
System memory in use before: 70.4 MB.
System memory in use after: 70.5 MB.

Unloading 19 unused Assets to reduce memory usage. Loaded Objects now: 1994.
Total: 2.422500 ms (FindLiveObjects: 0.120500 ms CreateObjectMapping: 0.035800 ms MarkObjects: 2.219400 ms  DeleteObjects: 0.046000 ms)

AssetImportParameters requested are different than current active one (requested -> active):
  custom:framework-win-MediaFoundation: 216162199b28c13a410421893ffa2e32 -> 
  custom:video-decoder-ogg-theora: a1e56fd34408186e4bbccfd4996cb3dc -> 
  custom:container-muxer-webm: aa71ff27fc2769a1b78a27578f13a17b -> 
  custom:container-demuxer-webm: 4f35f7cbe854078d1ac9338744f61a02 -> 
  custom:container-demuxer-ogg: 62fdf1f143b41e24485cea50d1cbac27 -> 
  custom:video-encoder-webm-vp8: eb34c28f22e8b96e1ab97ce403110664 -> 
  custom:video-decoder-webm-vp8: 9c59270c3fd7afecdb556c50c9e8de78 -> 
  custom:audio-decoder-ogg-vorbis: bf7c407c2cedff20999df2af8eb42d56 -> 
  custom:audio-encoder-webm-vorbis: bf7c407c2cedff20999df2af8eb42d56 -> 
========================================================================
Received Import Request.
  path: Assets/Models
  artifactKey: Guid(36cc030a55706b54a81e856375959e23) Importer(815301076,1909f56bfc062723c751e8b465ee728b)
Start importing Assets/Models using Guid(36cc030a55706b54a81e856375959e23) Importer(815301076,1909f56bfc062723c751e8b465ee728b)  -> (artifact id: 'ebbcdce6e5ffbb078b450cde63b63c43') in 0.006363 seconds 
  Import took 0.008126 seconds .

========================================================================
Received Import Request.
  Time since last request: 14.645546 seconds.
  path: Assets/Models/Walking_.fbx
  artifactKey: Guid(01bb7e8c8f389e24c9959130ed3574d6) Importer(815301076,1909f56bfc062723c751e8b465ee728b)
Start importing Assets/Models/Walking_.fbx using Guid(01bb7e8c8f389e24c9959130ed3574d6) Importer(815301076,1909f56bfc062723c751e8b465ee728b)  -> (artifact id: 'da8ddb2c19066bf8bd3223984cd5b75c') in 0.127089 seconds 
  Import took 0.129554 seconds .

========================================================================
Received Import Request.
  Time since last request: 42.759417 seconds.
  path: Assets/Prefabs/NPC_1.prefab
  artifactKey: Guid(23c1901033825dd4aab4e36b11f17700) Importer(815301076,1909f56bfc062723c751e8b465ee728b)
Start importing Assets/Prefabs/NPC_1.prefab using Guid(23c1901033825dd4aab4e36b11f17700) Importer(815301076,1909f56bfc062723c751e8b465ee728b)  -> (artifact id: '60c4e36d01259b856918a82af5db1bcd') in 0.017584 seconds 
  Import took 0.020475 seconds .

========================================================================
Received Import Request.
  Time since last request: 2.531895 seconds.
  path: Assets/Prefabs/Player 1.prefab
  artifactKey: Guid(94f9d019987e05340af082405595826e) Importer(815301076,1909f56bfc062723c751e8b465ee728b)
Start importing Assets/Prefabs/Player 1.prefab using Guid(94f9d019987e05340af082405595826e) Importer(815301076,1909f56bfc062723c751e8b465ee728b)  -> (artifact id: '3fe143fc929b570f4b9758e3e1e9c161') in 0.012809 seconds 
  Import took 0.015040 seconds .

========================================================================
Received Import Request.
  Time since last request: 6.107528 seconds.
  path: Assets/Prefabs/PlayerModel.prefab
  artifactKey: Guid(94f9d019987e05340af082405595826e) Importer(815301076,1909f56bfc062723c751e8b465ee728b)
Start importing Assets/Prefabs/PlayerModel.prefab using Guid(94f9d019987e05340af082405595826e) Importer(815301076,1909f56bfc062723c751e8b465ee728b)  -> (artifact id: 'be7de8b93ac52a19062940003242d3d9') in 0.012686 seconds 
  Import took 0.014885 seconds .

========================================================================
Received Import Request.
  Time since last request: 6.921735 seconds.
  path: Assets/Prefabs/PlayerModel.prefab
  artifactKey: Guid(94f9d019987e05340af082405595826e) Importer(815301076,1909f56bfc062723c751e8b465ee728b)
Start importing Assets/Prefabs/PlayerModel.prefab using Guid(94f9d019987e05340af082405595826e) Importer(815301076,1909f56bfc062723c751e8b465ee728b)  -> (artifact id: 'cbca17e7b12f2878541ff826d24d2465') in 0.003824 seconds 
  Import took 0.005568 seconds .

========================================================================
Received Import Request.
  Time since last request: 29.999495 seconds.
  path: Assets/Materials/NPC.mat
  artifactKey: Guid(fb25b12446c49534c833d44eb3157c05) Importer(815301076,1909f56bfc062723c751e8b465ee728b)
Start importing Assets/Materials/NPC.mat using Guid(fb25b12446c49534c833d44eb3157c05) Importer(815301076,1909f56bfc062723c751e8b465ee728b)  -> (artifact id: '8261cd9b4e0c1055aa94b3d1f11433e6') in 0.016756 seconds 
  Import took 0.018972 seconds .

========================================================================
Received Import Request.
  Time since last request: 6.375976 seconds.
  path: Assets/Materials/PlayerMat
  artifactKey: Guid(7e64582d4c8f98747a8713f18e9b48d4) Importer(815301076,1909f56bfc062723c751e8b465ee728b)
Start importing Assets/Materials/PlayerMat using Guid(7e64582d4c8f98747a8713f18e9b48d4) Importer(815301076,1909f56bfc062723c751e8b465ee728b)  -> (artifact id: '4c380cfbbe5d77b2695de7b57d275616') in 0.004819 seconds 
  Import took 0.006792 seconds .

========================================================================
Received Import Request.
  Time since last request: 17.678828 seconds.
  path: Assets/Materials/PlayerMat/Player.mat
  artifactKey: Guid(f47bedd42b19da14797eadd6f3de0715) Importer(815301076,1909f56bfc062723c751e8b465ee728b)
Start importing Assets/Materials/PlayerMat/Player.mat using Guid(f47bedd42b19da14797eadd6f3de0715) Importer(815301076,1909f56bfc062723c751e8b465ee728b)  -> (artifact id: 'cb34897f3fcfe009172d417f996288cb') in 0.006786 seconds 
  Import took 0.008637 seconds .

========================================================================
Received Import Request.
  Time since last request: 32.968114 seconds.
  path: Assets/Materials/PlayerMat/Main_Character_initialShadingGroup_AlbedoTransparency.png
  artifactKey: Guid(93d9b26e75b153f479040e43a38c5c04) Importer(815301076,1909f56bfc062723c751e8b465ee728b)
Start importing Assets/Materials/PlayerMat/Main_Character_initialShadingGroup_AlbedoTransparency.png using Guid(93d9b26e75b153f479040e43a38c5c04) Importer(815301076,1909f56bfc062723c751e8b465ee728b)  -> (artifact id: '22930816e9926af8c39a68d93ae4e639') in 0.034801 seconds 
  Import took 0.037081 seconds .

========================================================================
Received Import Request.
  Time since last request: 0.000128 seconds.
  path: Assets/Materials/PlayerMat/Main_Character_initialShadingGroup_MetallicSmoothness.png
  artifactKey: Guid(9a05e96bacabb3c48be99b86e112a081) Importer(815301076,1909f56bfc062723c751e8b465ee728b)
Start importing Assets/Materials/PlayerMat/Main_Character_initialShadingGroup_MetallicSmoothness.png using Guid(9a05e96bacabb3c48be99b86e112a081) Importer(815301076,1909f56bfc062723c751e8b465ee728b)  -> (artifact id: 'e8bc9ab5b0f9efeb2791cbfe2617c257') in 0.021226 seconds 
  Import took 0.022897 seconds .

========================================================================
Received Import Request.
  Time since last request: 0.000121 seconds.
  path: Assets/Materials/PlayerMat/Main_Character_initialShadingGroup_Normal.png
  artifactKey: Guid(fca9434ab5832f949bade7af72ff2663) Importer(815301076,1909f56bfc062723c751e8b465ee728b)
Start importing Assets/Materials/PlayerMat/Main_Character_initialShadingGroup_Normal.png using Guid(fca9434ab5832f949bade7af72ff2663) Importer(815301076,1909f56bfc062723c751e8b465ee728b)  -> (artifact id: '4acb73883e3c2a03410da5a65144b4d7') in 0.016155 seconds 
  Import took 0.017784 seconds .

========================================================================
Received Import Request.
  Time since last request: 29.461549 seconds.
  path: Assets/Materials/PlayerMat/Main_Character_initialShadingGroup_Normal.png
  artifactKey: Guid(fca9434ab5832f949bade7af72ff2663) Importer(815301076,1909f56bfc062723c751e8b465ee728b)
Start importing Assets/Materials/PlayerMat/Main_Character_initialShadingGroup_Normal.png using Guid(fca9434ab5832f949bade7af72ff2663) Importer(815301076,1909f56bfc062723c751e8b465ee728b)  -> (artifact id: '1b97b890b20e58d851175132abbb8a41') in 0.017863 seconds 
  Import took 0.020040 seconds .

========================================================================
Received Import Request.
  Time since last request: 166.808969 seconds.
  path: Assets/Prefabs/PlayerModel.prefab
  artifactKey: Guid(94f9d019987e05340af082405595826e) Importer(815301076,1909f56bfc062723c751e8b465ee728b)
Start importing Assets/Prefabs/PlayerModel.prefab using Guid(94f9d019987e05340af082405595826e) Importer(815301076,1909f56bfc062723c751e8b465ee728b)  -> (artifact id: '2b3cc55d6f846af4dedb236fa604d0a8') in 0.009486 seconds 
  Import took 0.011471 seconds .

========================================================================
Received Import Request.
  Time since last request: 182.371172 seconds.
  path: Assets/Materials/PlayerMat/Player.mat
  artifactKey: Guid(f47bedd42b19da14797eadd6f3de0715) Importer(815301076,1909f56bfc062723c751e8b465ee728b)
Start importing Assets/Materials/PlayerMat/Player.mat using Guid(f47bedd42b19da14797eadd6f3de0715) Importer(815301076,1909f56bfc062723c751e8b465ee728b)  -> (artifact id: '164671f36d11609ab35ccb0fc011bf27') in 0.029064 seconds 
  Import took 0.031251 seconds .

========================================================================
Received Import Request.
  Time since last request: 41.985822 seconds.
  path: Assets/Models/Walking_.fbx
  artifactKey: Guid(01bb7e8c8f389e24c9959130ed3574d6) Importer(815301076,1909f56bfc062723c751e8b465ee728b)
Start importing Assets/Models/Walking_.fbx using Guid(01bb7e8c8f389e24c9959130ed3574d6) Importer(815301076,1909f56bfc062723c751e8b465ee728b)  -> (artifact id: '5657fce18bc26d59ad6ffa685cd21a07') in 0.026168 seconds 
  Import took 0.028237 seconds .

========================================================================
Received Import Request.
  Time since last request: 9.465817 seconds.
  path: Assets/Models/Materials
  artifactKey: Guid(1249b27da103e1c47a1df89aa6d8c056) Importer(815301076,1909f56bfc062723c751e8b465ee728b)
Start importing Assets/Models/Materials using Guid(1249b27da103e1c47a1df89aa6d8c056) Importer(815301076,1909f56bfc062723c751e8b465ee728b)  -> (artifact id: 'f1b070785b852b422e1f47fe846f7184') in 0.004523 seconds 
  Import took 0.006421 seconds .

========================================================================
Received Import Request.
  Time since last request: 0.104144 seconds.
  path: Assets/Models/Materials/lambert1.mat
  artifactKey: Guid(5727220bd47acb84281f8d6f5c9471bf) Importer(815301076,1909f56bfc062723c751e8b465ee728b)
Start importing Assets/Models/Materials/lambert1.mat using Guid(5727220bd47acb84281f8d6f5c9471bf) Importer(815301076,1909f56bfc062723c751e8b465ee728b)  -> (artifact id: '1f7a16e29106ef93d14122ef2b689792') in 0.010860 seconds 
  Import took 0.012731 seconds .

========================================================================
Received Prepare
Registering precompiled user dll's ...
Registered in 0.002371 seconds.
Begin MonoManager ReloadAssembly
Native extension for Lumin target not found
Native extension for LinuxStandalone target not found
Native extension for WindowsStandalone target not found
Native extension for OSXStandalone target not found
Native extension for WebGL target not found
Refreshing native plugins compatible for Editor in 0.42 ms, found 2 plugins.
Preloading 0 native plugins for Editor in 0.00 ms.
Mono: successfully reloaded assembly
- Completed reload, in  0.700 seconds
Domain Reload Profiling:
	ReloadAssembly (700ms)
		BeginReloadAssembly (94ms)
			ExecutionOrderSort (0ms)
			DisableScriptedObjects (3ms)
			BackupInstance (0ms)
			ReleaseScriptingObjects (0ms)
			CreateAndSetChildDomain (26ms)
		EndReloadAssembly (566ms)
			LoadAssemblies (58ms)
			RebuildTransferFunctionScriptingTraits (0ms)
			SetupTypeCache (164ms)
			ReleaseScriptCaches (1ms)
			RebuildScriptCaches (24ms)
			SetupLoadedEditorAssemblies (259ms)
				LogAssemblyErrors (0ms)
				InitializePlatformSupportModulesInManaged (6ms)
				SetLoadedEditorAssemblies (0ms)
				RefreshPlugins (0ms)
				BeforeProcessingInitializeOnLoad (50ms)
				ProcessInitializeOnLoadAttributes (195ms)
				ProcessInitializeOnLoadMethodAttributes (2ms)
				AfterProcessingInitializeOnLoad (5ms)
				EditorAssembliesLoaded (0ms)
			ExecutionOrderSort2 (0ms)
			AwakeInstancesAfterBackupRestoration (4ms)
Platform modules already initialized, skipping
Refreshing native plugins compatible for Editor in 0.29 ms, found 2 plugins.
Preloading 0 native plugins for Editor in 0.00 ms.
Unloading 1551 Unused Serialized files (Serialized files now loaded: 0)
System memory in use before: 87.2 MB.
System memory in use after: 87.3 MB.

Unloading 14 unused Assets to reduce memory usage. Loaded Objects now: 2045.
Total: 2.297300 ms (FindLiveObjects: 0.145900 ms CreateObjectMapping: 0.048200 ms MarkObjects: 2.088100 ms  DeleteObjects: 0.014500 ms)

AssetImportParameters requested are different than current active one (requested -> active):
  custom:framework-win-MediaFoundation: 216162199b28c13a410421893ffa2e32 -> 
  custom:video-decoder-ogg-theora: a1e56fd34408186e4bbccfd4996cb3dc -> 
  custom:container-muxer-webm: aa71ff27fc2769a1b78a27578f13a17b -> 
  custom:container-demuxer-webm: 4f35f7cbe854078d1ac9338744f61a02 -> 
  custom:container-demuxer-ogg: 62fdf1f143b41e24485cea50d1cbac27 -> 
  custom:video-encoder-webm-vp8: eb34c28f22e8b96e1ab97ce403110664 -> 
  custom:video-decoder-webm-vp8: 9c59270c3fd7afecdb556c50c9e8de78 -> 
  custom:audio-decoder-ogg-vorbis: bf7c407c2cedff20999df2af8eb42d56 -> 
  custom:audio-encoder-webm-vorbis: bf7c407c2cedff20999df2af8eb42d56 -> 
========================================================================
Received Import Request.
  Time since last request: 357.189887 seconds.
  path: Assets/Models/Main_CharacterFINAL.obj
  artifactKey: Guid(fc3318ac2ae896d49b89048151c620f6) Importer(815301076,1909f56bfc062723c751e8b465ee728b)
Start importing Assets/Models/Main_CharacterFINAL.obj using Guid(fc3318ac2ae896d49b89048151c620f6) Importer(815301076,1909f56bfc062723c751e8b465ee728b)  -> (artifact id: 'f7b9428f9eb44633aa3c9356aa5c6fd4') in 0.065441 seconds 
  Import took 0.067705 seconds .

========================================================================
Received Import Request.
  Time since last request: 192.800194 seconds.
  path: Assets/Models/Main_CharacterFINAL (1).obj
  artifactKey: Guid(8aa8e0e485cf84e43a30066674448686) Importer(815301076,1909f56bfc062723c751e8b465ee728b)
Start importing Assets/Models/Main_CharacterFINAL (1).obj using Guid(8aa8e0e485cf84e43a30066674448686) Importer(815301076,1909f56bfc062723c751e8b465ee728b)  -> (artifact id: '07193dda4c5ac913615f1e9aecb13849') in 0.044052 seconds 
  Import took 0.046021 seconds .

========================================================================
Received Import Request.
  Time since last request: 49.298443 seconds.
  path: Assets/Prefabs/PlayerModel.prefab
  artifactKey: Guid(94f9d019987e05340af082405595826e) Importer(815301076,1909f56bfc062723c751e8b465ee728b)
Start importing Assets/Prefabs/PlayerModel.prefab using Guid(94f9d019987e05340af082405595826e) Importer(815301076,1909f56bfc062723c751e8b465ee728b)  -> (artifact id: '35cb2f7c71aee0e3544304a48e5bc5ac') in 0.022428 seconds 
  Import took 0.024549 seconds .

========================================================================
Received Prepare
Registering precompiled user dll's ...
Registered in 0.002540 seconds.
Begin MonoManager ReloadAssembly
Native extension for Lumin target not found
Native extension for LinuxStandalone target not found
Native extension for WindowsStandalone target not found
Native extension for OSXStandalone target not found
Native extension for WebGL target not found
Refreshing native plugins compatible for Editor in 0.35 ms, found 2 plugins.
Preloading 0 native plugins for Editor in 0.00 ms.
Mono: successfully reloaded assembly
- Completed reload, in  0.757 seconds
Domain Reload Profiling:
	ReloadAssembly (757ms)
		BeginReloadAssembly (89ms)
			ExecutionOrderSort (0ms)
			DisableScriptedObjects (3ms)
			BackupInstance (0ms)
			ReleaseScriptingObjects (0ms)
			CreateAndSetChildDomain (26ms)
		EndReloadAssembly (624ms)
			LoadAssemblies (61ms)
			RebuildTransferFunctionScriptingTraits (0ms)
			SetupTypeCache (188ms)
			ReleaseScriptCaches (1ms)
			RebuildScriptCaches (26ms)
			SetupLoadedEditorAssemblies (284ms)
				LogAssemblyErrors (0ms)
				InitializePlatformSupportModulesInManaged (6ms)
				SetLoadedEditorAssemblies (0ms)
				RefreshPlugins (0ms)
				BeforeProcessingInitializeOnLoad (55ms)
				ProcessInitializeOnLoadAttributes (215ms)
				ProcessInitializeOnLoadMethodAttributes (3ms)
				AfterProcessingInitializeOnLoad (5ms)
				EditorAssembliesLoaded (0ms)
			ExecutionOrderSort2 (0ms)
			AwakeInstancesAfterBackupRestoration (5ms)
Platform modules already initialized, skipping
Refreshing native plugins compatible for Editor in 0.36 ms, found 2 plugins.
Preloading 0 native plugins for Editor in 0.00 ms.
Unloading 1551 Unused Serialized files (Serialized files now loaded: 0)
System memory in use before: 87.2 MB.
System memory in use after: 87.3 MB.

Unloading 14 unused Assets to reduce memory usage. Loaded Objects now: 2048.
Total: 2.188100 ms (FindLiveObjects: 0.111000 ms CreateObjectMapping: 0.028200 ms MarkObjects: 2.036500 ms  DeleteObjects: 0.011800 ms)

AssetImportParameters requested are different than current active one (requested -> active):
  custom:framework-win-MediaFoundation: 216162199b28c13a410421893ffa2e32 -> 
  custom:video-decoder-ogg-theora: a1e56fd34408186e4bbccfd4996cb3dc -> 
  custom:container-muxer-webm: aa71ff27fc2769a1b78a27578f13a17b -> 
  custom:container-demuxer-webm: 4f35f7cbe854078d1ac9338744f61a02 -> 
  custom:container-demuxer-ogg: 62fdf1f143b41e24485cea50d1cbac27 -> 
  custom:video-encoder-webm-vp8: eb34c28f22e8b96e1ab97ce403110664 -> 
  custom:video-decoder-webm-vp8: 9c59270c3fd7afecdb556c50c9e8de78 -> 
  custom:audio-decoder-ogg-vorbis: bf7c407c2cedff20999df2af8eb42d56 -> 
  custom:audio-encoder-webm-vorbis: bf7c407c2cedff20999df2af8eb42d56 -> 
AssetImportWorkerClient::OnTransportError - code=2 error=End of file
